2012-01-24 14:15:00,217 - Mock Version: 1.1.18
2012-01-24 14:15:00,261 - State Changed: cleaning yum metadata
2012-01-24 14:15:00,285 - State Changed: running yum
2012-01-24 14:15:42,051 - State Changed: creating cache
2012-01-24 14:16:02,955 - State Changed: unlock buildroot
2012-01-24 14:16:03,155 - State Changed: setup
2012-01-24 14:16:07,957 - State Changed: build
2012-01-24 14:16:08,629 - State Changed: lock buildroot
2012-01-24 14:16:08,629 - State Changed: clean
2012-01-24 14:16:09,533 - State Changed: unlock buildroot
2012-01-24 14:16:09,533 - State Changed: init
2012-01-24 14:16:09,536 - State Changed: lock buildroot
2012-01-24 14:16:09,538 - State Changed: unpacking root cache
2012-01-24 14:16:14,042 - State Changed: cleaning yum metadata
2012-01-24 14:16:14,077 - State Changed: running yum
2012-01-24 14:16:17,495 - State Changed: unlock buildroot
2012-01-24 14:16:17,690 - State Changed: setup
2012-01-24 14:16:20,320 - State Changed: build
2012-01-24 14:16:21,640 - State Changed: lock buildroot
2012-01-24 14:16:21,640 - State Changed: clean
2012-01-24 14:16:22,421 - State Changed: unlock buildroot
2012-01-24 14:16:22,421 - State Changed: init
2012-01-24 14:16:22,423 - State Changed: lock buildroot
2012-01-24 14:16:22,425 - State Changed: unpacking root cache
2012-01-24 14:16:26,618 - State Changed: cleaning yum metadata
2012-01-24 14:16:26,636 - State Changed: running yum
2012-01-24 14:16:31,832 - State Changed: unlock buildroot
2012-01-24 14:16:32,160 - State Changed: setup
2012-01-24 14:16:37,083 - State Changed: build
2012-01-24 14:16:39,309 - State Changed: lock buildroot
2012-01-24 14:16:39,309 - State Changed: clean
2012-01-24 14:16:40,111 - State Changed: unlock buildroot
2012-01-24 14:16:40,111 - State Changed: init
2012-01-24 14:16:40,113 - State Changed: lock buildroot
2012-01-24 14:16:40,114 - State Changed: unpacking root cache
2012-01-24 14:16:44,864 - State Changed: cleaning yum metadata
2012-01-24 14:16:44,894 - State Changed: running yum
2012-01-24 14:16:48,141 - State Changed: unlock buildroot
2012-01-24 14:16:48,397 - State Changed: setup
2012-01-24 14:16:51,199 - State Changed: build
2012-01-24 14:16:52,142 - State Changed: lock buildroot
2012-01-24 14:16:52,142 - State Changed: clean
2012-01-24 14:16:52,898 - State Changed: unlock buildroot
2012-01-24 14:16:52,899 - State Changed: init
2012-01-24 14:16:52,901 - State Changed: lock buildroot
2012-01-24 14:16:52,902 - State Changed: unpacking root cache
2012-01-24 14:16:57,138 - State Changed: cleaning yum metadata
2012-01-24 14:16:57,156 - State Changed: running yum
2012-01-24 14:16:59,796 - State Changed: unlock buildroot
2012-01-24 14:17:00,006 - State Changed: setup
2012-01-24 14:17:04,820 - State Changed: build
2012-01-24 14:17:08,787 - State Changed: lock buildroot
2012-01-24 14:17:08,787 - State Changed: clean
2012-01-24 14:17:09,566 - State Changed: unlock buildroot
2012-01-24 14:17:09,566 - State Changed: init
2012-01-24 14:17:09,568 - State Changed: lock buildroot
2012-01-24 14:17:09,569 - State Changed: unpacking root cache
2012-01-24 14:17:13,768 - State Changed: cleaning yum metadata
2012-01-24 14:17:13,786 - State Changed: running yum
2012-01-24 14:17:16,490 - State Changed: unlock buildroot
2012-01-24 14:17:16,679 - State Changed: setup
2012-01-24 14:17:18,224 - State Changed: build
2012-01-24 14:17:18,618 - State Changed: lock buildroot
2012-01-24 14:17:18,619 - State Changed: clean
2012-01-24 14:17:19,356 - State Changed: unlock buildroot
2012-01-24 14:17:19,356 - State Changed: init
2012-01-24 14:17:19,358 - State Changed: lock buildroot
2012-01-24 14:17:19,360 - State Changed: unpacking root cache
2012-01-24 14:17:23,399 - State Changed: cleaning yum metadata
2012-01-24 14:17:23,416 - State Changed: running yum
2012-01-24 14:17:27,039 - State Changed: unlock buildroot
2012-01-24 14:17:27,278 - State Changed: setup
2012-01-24 14:17:35,646 - State Changed: build
2012-01-24 14:17:38,781 - State Changed: lock buildroot
2012-01-24 14:17:38,781 - State Changed: clean
2012-01-24 14:17:39,623 - State Changed: unlock buildroot
2012-01-24 14:17:39,624 - State Changed: init
2012-01-24 14:17:39,626 - State Changed: lock buildroot
2012-01-24 14:17:39,627 - State Changed: unpacking root cache
2012-01-24 14:17:44,592 - State Changed: cleaning yum metadata
2012-01-24 14:17:44,612 - State Changed: running yum
2012-01-24 14:17:47,262 - State Changed: unlock buildroot
2012-01-24 14:17:47,471 - State Changed: setup
2012-01-24 14:17:51,621 - State Changed: build
2012-01-24 14:17:52,650 - State Changed: lock buildroot
2012-01-24 14:17:52,651 - State Changed: clean
2012-01-24 14:17:53,457 - State Changed: unlock buildroot
2012-01-24 14:17:53,458 - State Changed: end
